#
# A fatal error has been detected by the Java Runtime Environment:
#
#  EXCEPTION_ACCESS_VIOLATION (0xc0000005) at pc=0x6c8a492f, pid=8244, tid=0x000037e4
#
# JRE version: Java(TM) SE Runtime Environment (8.0_181-b13) (build 1.8.0_181-b13)
# Java VM: Java HotSpot(TM) Client VM (25.181-b13 mixed mode windows-x86 )
# Problematic frame:
# V  [jvm.dll+0x17492f]
#
# Failed to write core dump. Minidumps are not enabled by default on client versions of Windows
#
# If you would like to submit a bug report, please visit:
#   http://bugreport.java.com/bugreport/crash.jsp
#

---------------  T H R E A D  ---------------

Current thread (0x14e65c00):  VMThread [stack: 0x048f0000,0x04940000] [id=14308]

siginfo: ExceptionCode=0xc0000005, reading address 0x0001001a

Registers:
EAX=0x00010012, EBX=0x00000000, ECX=0x0493f31c, EDX=0x00001596
ESP=0x0493f1f8, EBP=0x0493f308, ESI=0x0493f31c, EDI=0x0493f788
EIP=0x6c8a492f, EFLAGS=0x00010246

Top of Stack: (sp=0x0493f1f8)
0x0493f1f8:   0493f868 00000000 0493f794 0493f80c
0x0493f208:   6c8a46fd 6c8a45c4 00000014 00000026
0x0493f218:   00000000 0493f350 00000029 6c8a46aa
0x0493f228:   0493f7bc 0493f89c 6c8a46fd 00000000
0x0493f238:   00000000 0493f384 6c8a453c 00000002
0x0493f248:   00000013 00000000 0493f384 00000029
0x0493f258:   6c8a46aa 0493f7f0 0493f868 6c8a46fd
0x0493f268:   0493f28c 782b0726 0493f524 4cb0ae5b 

Instructions: (pc=0x6c8a492f)
0x6c8a490f:   cc 55 8b ec 81 ec 08 01 00 00 a1 40 9b aa 6c 33
0x6c8a491f:   c5 89 45 fc 53 56 8b f1 8b 46 04 33 db 89 5e 08
0x6c8a492f:   80 78 08 28 74 26 6a 28 8d 8d f8 fe ff ff 68 98
0x6c8a493f:   d6 a2 6c 51 e8 c8 80 ea ff 8b 10 52 6a 36 68 30 


Register to memory mapping:

EAX=0x00010012 is an unknown value
EBX=0x00000000 is an unknown value
ECX=0x0493f31c is an unknown value
EDX=0x00001596 is an unknown value
ESP=0x0493f1f8 is an unknown value
EBP=0x0493f308 is an unknown value
ESI=0x0493f31c is an unknown value
EDI=0x0493f788 is an unknown value


Stack: [0x048f0000,0x04940000],  sp=0x0493f1f8,  free space=316k
Native frames: (J=compiled Java code, j=interpreted, Vv=VM code, C=native code)
V  [jvm.dll+0x17492f]
V  [jvm.dll+0xb3c8d]
V  [jvm.dll+0xb5697]
V  [jvm.dll+0xb63ec]
V  [jvm.dll+0xb6762]
V  [jvm.dll+0x87af1]
V  [jvm.dll+0x8817d]
V  [jvm.dll+0x882c8]
V  [jvm.dll+0x88518]
V  [jvm.dll+0xbeb6f]
V  [jvm.dll+0xce94b]
V  [jvm.dll+0x12389d]
V  [jvm.dll+0x184b5b]
V  [jvm.dll+0x183f71]
V  [jvm.dll+0x184387]
V  [jvm.dll+0x184582]
V  [jvm.dll+0x1c5416]
C  [msvcr100.dll+0x5c556]
C  [msvcr100.dll+0x5c600]
C  [KERNEL32.DLL+0x18484]
C  [ntdll.dll+0x63ab8]
C  [ntdll.dll+0x63a88]

VM_Operation (0x152ff4a0): GetOrSetLocal, mode: safepoint, requested by thread 0x14eda800


---------------  P R O C E S S  ---------------

Java Threads: ( => current thread )
  0x16011000 JavaThread "Log4j2-TF-6-Scheduled-2" daemon [_thread_blocked, id=3660, stack(0x17a00000,0x17a50000)]
  0x158ea400 JavaThread "ReaderThread" [_thread_in_native, id=2124, stack(0x16210000,0x16260000)]
  0x15870800 JavaThread "Service Thread" daemon [_thread_blocked, id=2156, stack(0x160f0000,0x16140000)]
  0x15867800 JavaThread "C1 CompilerThread0" daemon [_thread_blocked, id=2516, stack(0x16060000,0x160b0000)]
  0x14ede800 JavaThread "JDWP Command Reader" daemon [_thread_in_native, id=9512, stack(0x153d0000,0x15420000)]
  0x14edbc00 JavaThread "JDWP Event Helper Thread" daemon [_thread_blocked, id=1752, stack(0x15340000,0x15390000)]
  0x14eda800 JavaThread "JDWP Transport Listener: dt_socket" daemon [_thread_blocked, id=14444, stack(0x152b0000,0x15300000)]
  0x14e9f000 JavaThread "Attach Listener" daemon [_thread_blocked, id=15940, stack(0x15220000,0x15270000)]
  0x14e9e400 JavaThread "Signal Dispatcher" daemon [_thread_blocked, id=2016, stack(0x15190000,0x151e0000)]
  0x14e82400 JavaThread "Finalizer" daemon [_thread_blocked, id=11196, stack(0x150a0000,0x150f0000)]
  0x14e6c400 JavaThread "Reference Handler" daemon [_thread_blocked, id=15464, stack(0x04980000,0x049d0000)]
  0x0271d000 JavaThread "main" [_thread_blocked, id=8004, stack(0x02120000,0x02170000)]

Other Threads:
=>0x14e65c00 VMThread [stack: 0x048f0000,0x04940000] [id=14308]
  0x158f8800 WatcherThread [stack: 0x16180000,0x161d0000] [id=2608]

VM state:at safepoint (normal execution)

VM Mutex/Monitor currently owned by a thread:  ([mutex/lock_event])
[0x0271bbc0] Threads_lock - owner thread: 0x14e65c00

Heap:
 def new generation   total 16576K, used 3804K [0x04a00000, 0x05bf0000, 0x09f50000)
  eden space 14784K,  19% used [0x04a00000, 0x04cc11c8, 0x05870000)
  from space 1792K,  54% used [0x05870000, 0x05965f58, 0x05a30000)
  to   space 1792K,   0% used [0x05a30000, 0x05a30000, 0x05bf0000)
 tenured generation   total 36640K, used 25514K [0x09f50000, 0x0c318000, 0x14a00000)
   the space 36640K,  69% used [0x09f50000, 0x0b83a990, 0x0b83aa00, 0x0c318000)
 Metaspace       used 29257K, capacity 29533K, committed 29696K, reserved 30080K

Card table byte_map: [0x04820000,0x048b0000] byte_map_base: 0x047fb000

Polling page: 0x00650000

CodeCache: size=32768Kb used=4880Kb max_used=4909Kb free=27887Kb
 bounds [0x02820000, 0x02cf0000, 0x04820000]
 total_blobs=2525 nmethods=2320 adapters=143
 compilation: enabled

Compilation events (10 events):
Event: 12.088 Thread 0x15867800 2746             sun.misc.ProxyGenerator$ConstantPool$ValueEntry::write (190 bytes)
Event: 12.089 Thread 0x15867800 nmethod 2746 0x02988388 code [0x029885c0, 0x02988cac]
Event: 12.092 Thread 0x15867800 2747             com.fasterxml.jackson.databind.cfg.MapperConfig::getAnnotationIntrospector (8 bytes)
Event: 12.092 Thread 0x15867800 nmethod 2747 0x029c8408 code [0x029c8500, 0x029c8590]
Event: 12.092 Thread 0x15867800 2748             com.fasterxml.jackson.databind.cfg.BaseSettings::getAnnotationIntrospector (5 bytes)
Event: 12.092 Thread 0x15867800 nmethod 2748 0x029881c8 code [0x029882c0, 0x02988340]
Event: 12.092 Thread 0x15867800 2749             com.fasterxml.jackson.databind.introspect.AnnotatedClass::_addAnnotationsIfNotPresent (97 bytes)
Event: 12.092 Thread 0x15867800 nmethod 2749 0x029c6708 code [0x029c6880, 0x029c6bd0]
Event: 12.097 Thread 0x15867800 2750             com.fasterxml.jackson.databind.DeserializationConfig::getAnnotationIntrospector (19 bytes)
Event: 12.097 Thread 0x15867800 nmethod 2750 0x02987ec8 code [0x02987fd0, 0x029880d0]

GC Heap History (10 events):
Event: 9.584 GC heap before
{Heap before GC invocations=146 (full 3):
 def new generation   total 16576K, used 16576K [0x04a00000, 0x05bf0000, 0x09f50000)
  eden space 14784K, 100% used [0x04a00000, 0x05870000, 0x05870000)
  from space 1792K, 100% used [0x05a30000, 0x05bf0000, 0x05bf0000)
  to   space 1792K,   0% used [0x05870000, 0x05870000, 0x05a30000)
 tenured generation   total 36640K, used 22819K [0x09f50000, 0x0c318000, 0x14a00000)
   the space 36640K,  62% used [0x09f50000, 0x0b598e90, 0x0b599000, 0x0c318000)
 Metaspace       used 26759K, capacity 26995K, committed 27136K, reserved 28032K
Event: 9.589 GC heap after
Heap after GC invocations=147 (full 3):
 def new generation   total 16576K, used 1102K [0x04a00000, 0x05bf0000, 0x09f50000)
  eden space 14784K,   0% used [0x04a00000, 0x04a00000, 0x05870000)
  from space 1792K,  61% used [0x05870000, 0x05983b90, 0x05a30000)
  to   space 1792K,   0% used [0x05a30000, 0x05a30000, 0x05bf0000)
 tenured generation   total 36640K, used 24009K [0x09f50000, 0x0c318000, 0x14a00000)
   the space 36640K,  65% used [0x09f50000, 0x0b6c27e0, 0x0b6c2800, 0x0c318000)
 Metaspace       used 26759K, capacity 26995K, committed 27136K, reserved 28032K
}
Event: 9.705 GC heap before
{Heap before GC invocations=147 (full 3):
 def new generation   total 16576K, used 15886K [0x04a00000, 0x05bf0000, 0x09f50000)
  eden space 14784K, 100% used [0x04a00000, 0x05870000, 0x05870000)
  from space 1792K,  61% used [0x05870000, 0x05983b90, 0x05a30000)
  to   space 1792K,   0% used [0x05a30000, 0x05a30000, 0x05bf0000)
 tenured generation   total 36640K, used 24009K [0x09f50000, 0x0c318000, 0x14a00000)
   the space 36640K,  65% used [0x09f50000, 0x0b6c27e0, 0x0b6c2800, 0x0c318000)
 Metaspace       used 27404K, capacity 27667K, committed 27776K, reserved 28032K
Event: 9.709 GC heap after
Heap after GC invocations=148 (full 3):
 def new generation   total 16576K, used 965K [0x04a00000, 0x05bf0000, 0x09f50000)
  eden space 14784K,   0% used [0x04a00000, 0x04a00000, 0x05870000)
  from space 1792K,  53% used [0x05a30000, 0x05b215d8, 0x05bf0000)
  to   space 1792K,   0% used [0x05870000, 0x05870000, 0x05a30000)
 tenured generation   total 36640K, used 24755K [0x09f50000, 0x0c318000, 0x14a00000)
   the space 36640K,  67% used [0x09f50000, 0x0b77cf18, 0x0b77d000, 0x0c318000)
 Metaspace       used 27404K, capacity 27667K, committed 27776K, reserved 28032K
}
Event: 10.275 GC heap before
{Heap before GC invocations=148 (full 3):
 def new generation   total 16576K, used 15749K [0x04a00000, 0x05bf0000, 0x09f50000)
  eden space 14784K, 100% used [0x04a00000, 0x05870000, 0x05870000)
  from space 1792K,  53% used [0x05a30000, 0x05b215d8, 0x05bf0000)
  to   space 1792K,   0% used [0x05870000, 0x05870000, 0x05a30000)
 tenured generation   total 36640K, used 24755K [0x09f50000, 0x0c318000, 0x14a00000)
   the space 36640K,  67% used [0x09f50000, 0x0b77cf18, 0x0b77d000, 0x0c318000)
 Metaspace       used 28127K, capacity 28371K, committed 28416K, reserved 29056K
Event: 10.278 GC heap after
Heap after GC invocations=149 (full 3):
 def new generation   total 16576K, used 1056K [0x04a00000, 0x05bf0000, 0x09f50000)
  eden space 14784K,   0% used [0x04a00000, 0x04a00000, 0x05870000)
  from space 1792K,  58% used [0x05870000, 0x059780f0, 0x05a30000)
  to   space 1792K,   0% used [0x05a30000, 0x05a30000, 0x05bf0000)
 tenured generation   total 36640K, used 24917K [0x09f50000, 0x0c318000, 0x14a00000)
   the space 36640K,  68% used [0x09f50000, 0x0b7a54a0, 0x0b7a5600, 0x0c318000)
 Metaspace       used 28127K, capacity 28371K, committed 28416K, reserved 29056K
}
Event: 10.412 GC heap before
{Heap before GC invocations=149 (full 3):
 def new generation   total 16576K, used 15840K [0x04a00000, 0x05bf0000, 0x09f50000)
  eden space 14784K, 100% used [0x04a00000, 0x05870000, 0x05870000)
  from space 1792K,  58% used [0x05870000, 0x059780f0, 0x05a30000)
  to   space 1792K,   0% used [0x05a30000, 0x05a30000, 0x05bf0000)
 tenured generation   total 36640K, used 24917K [0x09f50000, 0x0c318000, 0x14a00000)
   the space 36640K,  68% used [0x09f50000, 0x0b7a54a0, 0x0b7a5600, 0x0c318000)
 Metaspace       used 28677K, capacity 28923K, committed 29056K, reserved 29056K
Event: 10.416 GC heap after
Heap after GC invocations=150 (full 3):
 def new generation   total 16576K, used 1144K [0x04a00000, 0x05bf0000, 0x09f50000)
  eden space 14784K,   0% used [0x04a00000, 0x04a00000, 0x05870000)
  from space 1792K,  63% used [0x05a30000, 0x05b4e138, 0x05bf0000)
  to   space 1792K,   0% used [0x05870000, 0x05870000, 0x05a30000)
 tenured generation   total 36640K, used 25154K [0x09f50000, 0x0c318000, 0x14a00000)
   the space 36640K,  68% used [0x09f50000, 0x0b7e0818, 0x0b7e0a00, 0x0c318000)
 Metaspace       used 28677K, capacity 28923K, committed 29056K, reserved 29056K
}
Event: 10.516 GC heap before
{Heap before GC invocations=150 (full 3):
 def new generation   total 16576K, used 15928K [0x04a00000, 0x05bf0000, 0x09f50000)
  eden space 14784K, 100% used [0x04a00000, 0x05870000, 0x05870000)
  from space 1792K,  63% used [0x05a30000, 0x05b4e138, 0x05bf0000)
  to   space 1792K,   0% used [0x05870000, 0x05870000, 0x05a30000)
 tenured generation   total 36640K, used 25154K [0x09f50000, 0x0c318000, 0x14a00000)
   the space 36640K,  68% used [0x09f50000, 0x0b7e0818, 0x0b7e0a00, 0x0c318000)
 Metaspace       used 29131K, capacity 29371K, committed 29440K, reserved 30080K
Event: 10.520 GC heap after
Heap after GC invocations=151 (full 3):
 def new generation   total 16576K, used 983K [0x04a00000, 0x05bf0000, 0x09f50000)
  eden space 14784K,   0% used [0x04a00000, 0x04a00000, 0x05870000)
  from space 1792K,  54% used [0x05870000, 0x05965f58, 0x05a30000)
  to   space 1792K,   0% used [0x05a30000, 0x05a30000, 0x05bf0000)
 tenured generation   total 36640K, used 25514K [0x09f50000, 0x0c318000, 0x14a00000)
   the space 36640K,  69% used [0x09f50000, 0x0b83a990, 0x0b83aa00, 0x0c318000)
 Metaspace       used 29131K, capacity 29371K, committed 29440K, reserved 30080K
}

Deoptimization events (0 events):
No events

Classes redefined (2 events):
Event: 20.607 Thread 0x14e65c00 redefined class name=com.graduate.GraduateApplicationTests, count=1
Event: 76.887 Thread 0x14e65c00 redefined class name=com.graduate.GraduateApplicationTests, count=2

Internal exceptions (10 events):
Event: 12.086 Thread 0x0271d000 Exception <a 'java/lang/ArrayIndexOutOfBoundsException'> (0x04b532a8) thrown at [C:\workspace\8-2-build-windows-i586-cygwin\jdk8u181\11358\hotspot\src\share\vm\runtime\sharedRuntime.cpp, line 605]
Event: 12.091 Thread 0x0271d000 Exception <a 'java/lang/ArrayIndexOutOfBoundsException'> (0x04b8d3d8) thrown at [C:\workspace\8-2-build-windows-i586-cygwin\jdk8u181\11358\hotspot\src\share\vm\runtime\sharedRuntime.cpp, line 605]
Event: 12.093 Thread 0x0271d000 Exception <a 'java/lang/ArrayIndexOutOfBoundsException'> (0x04b9ce58) thrown at [C:\workspace\8-2-build-windows-i586-cygwin\jdk8u181\11358\hotspot\src\share\vm\runtime\sharedRuntime.cpp, line 605]
Event: 12.094 Thread 0x0271d000 Exception <a 'java/lang/ArrayIndexOutOfBoundsException'> (0x04bae928) thrown at [C:\workspace\8-2-build-windows-i586-cygwin\jdk8u181\11358\hotspot\src\share\vm\runtime\sharedRuntime.cpp, line 605]
Event: 12.094 Thread 0x0271d000 Exception <a 'java/lang/ArrayIndexOutOfBoundsException'> (0x04bb26f0) thrown at [C:\workspace\8-2-build-windows-i586-cygwin\jdk8u181\11358\hotspot\src\share\vm\runtime\sharedRuntime.cpp, line 605]
Event: 12.095 Thread 0x0271d000 Exception <a 'java/lang/ArrayIndexOutOfBoundsException'> (0x04bb9c70) thrown at [C:\workspace\8-2-build-windows-i586-cygwin\jdk8u181\11358\hotspot\src\share\vm\runtime\sharedRuntime.cpp, line 605]
Event: 12.096 Thread 0x0271d000 Exception <a 'java/lang/ArrayIndexOutOfBoundsException'> (0x04bc1308) thrown at [C:\workspace\8-2-build-windows-i586-cygwin\jdk8u181\11358\hotspot\src\share\vm\runtime\sharedRuntime.cpp, line 605]
Event: 12.096 Thread 0x0271d000 Exception <a 'java/lang/ArrayIndexOutOfBoundsException'> (0x04bc5ce0) thrown at [C:\workspace\8-2-build-windows-i586-cygwin\jdk8u181\11358\hotspot\src\share\vm\runtime\sharedRuntime.cpp, line 605]
Event: 12.098 Thread 0x0271d000 Exception <a 'java/lang/ArrayIndexOutOfBoundsException'> (0x04be5600) thrown at [C:\workspace\8-2-build-windows-i586-cygwin\jdk8u181\11358\hotspot\src\share\vm\runtime\sharedRuntime.cpp, line 605]
Event: 12.098 Thread 0x0271d000 Exception <a 'java/lang/ArrayIndexOutOfBoundsException'> (0x04be8960) thrown at [C:\workspace\8-2-build-windows-i586-cygwin\jdk8u181\11358\hotspot\src\share\vm\runtime\sharedRuntime.cpp, line 605]

Events (10 events):
Event: 76.888 Executing VM operation: RedefineClasses done
Event: 76.908 Executing VM operation: ChangeBreakpoints
Event: 76.909 Executing VM operation: ChangeBreakpoints done
Event: 76.910 Executing VM operation: ChangeBreakpoints
Event: 76.911 Executing VM operation: ChangeBreakpoints done
Event: 76.991 Executing VM operation: GetOwnedMonitorInfo
Event: 76.991 Executing VM operation: GetOwnedMonitorInfo done
Event: 76.991 Executing VM operation: GetCurrentContendedMonitor
Event: 76.991 Executing VM operation: GetCurrentContendedMonitor done
Event: 77.007 Executing VM operation: GetOrSetLocal


Dynamic libraries:
0x002d0000 - 0x00303000 	C:\Program Files (x86)\Java\jdk1.8.0_181\bin\javaw.exe
0x772d0000 - 0x77460000 	C:\WINDOWS\SYSTEM32\ntdll.dll
0x76960000 - 0x76a40000 	C:\WINDOWS\System32\KERNEL32.DLL
0x74000000 - 0x741e4000 	C:\WINDOWS\System32\KERNELBASE.dll
0x766b0000 - 0x76728000 	C:\WINDOWS\System32\ADVAPI32.dll
0x76a40000 - 0x76aff000 	C:\WINDOWS\System32\msvcrt.dll
0x76f40000 - 0x76f84000 	C:\WINDOWS\System32\sechost.dll
0x76f90000 - 0x77050000 	C:\WINDOWS\System32\RPCRT4.dll
0x73b90000 - 0x73bb0000 	C:\WINDOWS\System32\SspiCli.dll
0x73b80000 - 0x73b8a000 	C:\WINDOWS\System32\CRYPTBASE.dll
0x73fa0000 - 0x73ff8000 	C:\WINDOWS\System32\bcryptPrimitives.dll
0x73bb0000 - 0x73d3d000 	C:\WINDOWS\System32\USER32.dll
0x73e80000 - 0x73e97000 	C:\WINDOWS\System32\win32u.dll
0x75ef0000 - 0x75f12000 	C:\WINDOWS\System32\GDI32.dll
0x75f80000 - 0x760e4000 	C:\WINDOWS\System32\gdi32full.dll
0x73f10000 - 0x73f8d000 	C:\WINDOWS\System32\msvcp_win.dll
0x74580000 - 0x7469e000 	C:\WINDOWS\System32\ucrtbase.dll
0x71f50000 - 0x72154000 	C:\WINDOWS\WinSxS\x86_microsoft.windows.common-controls_6595b64144ccf1df_6.0.17134.523_none_42edd4b044e3535c\COMCTL32.dll
0x76b00000 - 0x76d5c000 	C:\WINDOWS\System32\combase.dll
0x741f0000 - 0x74216000 	C:\WINDOWS\System32\IMM32.DLL
0x782a0000 - 0x7835f000 	C:\Program Files (x86)\Java\jdk1.8.0_181\jre\bin\msvcr100.dll
0x6c730000 - 0x6cb03000 	C:\Program Files (x86)\Java\jdk1.8.0_181\jre\bin\client\jvm.dll
0x75a50000 - 0x75a56000 	C:\WINDOWS\System32\PSAPI.DLL
0x70e80000 - 0x70e88000 	C:\WINDOWS\SYSTEM32\WSOCK32.dll
0x73b70000 - 0x73b78000 	C:\WINDOWS\SYSTEM32\VERSION.dll
0x73ea0000 - 0x73f07000 	C:\WINDOWS\System32\WS2_32.dll
0x71a00000 - 0x71a24000 	C:\WINDOWS\SYSTEM32\WINMM.dll
0x719d0000 - 0x719f3000 	C:\WINDOWS\SYSTEM32\winmmbase.dll
0x75eb0000 - 0x75ee9000 	C:\WINDOWS\System32\cfgmgr32.dll
0x52760000 - 0x5276c000 	C:\Program Files (x86)\Java\jdk1.8.0_181\jre\bin\verify.dll
0x776b0000 - 0x776d2000 	C:\Program Files (x86)\Java\jdk1.8.0_181\jre\bin\java.dll
0x77680000 - 0x776ab000 	C:\Program Files (x86)\Java\jdk1.8.0_181\jre\bin\jdwp.dll
0x52750000 - 0x52757000 	C:\Program Files (x86)\Java\jdk1.8.0_181\jre\bin\npt.dll
0x50000000 - 0x50020000 	C:\Program Files (x86)\Java\jdk1.8.0_181\jre\bin\instrument.dll
0x77660000 - 0x77674000 	C:\Program Files (x86)\Java\jdk1.8.0_181\jre\bin\zip.dll
0x74700000 - 0x75a4a000 	C:\WINDOWS\System32\SHELL32.dll
0x73df0000 - 0x73e78000 	C:\WINDOWS\System32\shcore.dll
0x760f0000 - 0x766aa000 	C:\WINDOWS\System32\windows.storage.dll
0x76830000 - 0x76875000 	C:\WINDOWS\System32\shlwapi.dll
0x75ea0000 - 0x75eaf000 	C:\WINDOWS\System32\kernel.appcore.dll
0x77050000 - 0x77068000 	C:\WINDOWS\System32\profapi.dll
0x73da0000 - 0x73de5000 	C:\WINDOWS\System32\powrprof.dll
0x742b0000 - 0x742b8000 	C:\WINDOWS\System32\FLTLIB.DLL
0x52740000 - 0x52748000 	C:\Program Files (x86)\Java\jdk1.8.0_181\jre\bin\dt_socket.dll
0x726a0000 - 0x726b1000 	C:\WINDOWS\system32\napinsp.dll
0x72680000 - 0x72696000 	C:\WINDOWS\system32\pnrpnsp.dll
0x72660000 - 0x72673000 	C:\WINDOWS\system32\NLAapi.dll
0x72760000 - 0x727b6000 	C:\WINDOWS\System32\mswsock.dll
0x725d0000 - 0x7265e000 	C:\WINDOWS\SYSTEM32\DNSAPI.dll
0x746f0000 - 0x746f7000 	C:\WINDOWS\System32\NSI.dll
0x73860000 - 0x73890000 	C:\WINDOWS\SYSTEM32\IPHLPAPI.DLL
0x725c0000 - 0x725cc000 	C:\WINDOWS\System32\winrnr.dll
0x725a0000 - 0x725b1000 	C:\WINDOWS\System32\wshbth.dll
0x703d0000 - 0x70496000 	C:\WINDOWS\System32\ierd_tgp_lsp.dll
0x74480000 - 0x7457c000 	C:\WINDOWS\System32\ole32.dll
0x72550000 - 0x7259f000 	C:\WINDOWS\System32\fwpuclnt.dll
0x732b0000 - 0x732c9000 	C:\WINDOWS\SYSTEM32\bcrypt.dll
0x72540000 - 0x72548000 	C:\Windows\System32\rasadhlp.dll
0x77480000 - 0x77495000 	C:\Program Files (x86)\Java\jdk1.8.0_181\jre\bin\net.dll
0x77650000 - 0x7765a000 	C:\Program Files (x86)\Java\jdk1.8.0_181\jre\bin\management.dll
0x70990000 - 0x7099f000 	C:\Program Files (x86)\Java\jdk1.8.0_181\jre\bin\nio.dll
0x70cb0000 - 0x70cd0000 	C:\Program Files (x86)\Java\jdk1.8.0_181\jre\bin\sunec.dll
0x70c90000 - 0x70ca3000 	C:\WINDOWS\SYSTEM32\dhcpcsvc6.DLL
0x727c0000 - 0x727d4000 	C:\WINDOWS\SYSTEM32\dhcpcsvc.DLL
0x72ff0000 - 0x73003000 	C:\WINDOWS\SYSTEM32\CRYPTSP.dll
0x72fc0000 - 0x72fef000 	C:\WINDOWS\system32\rsaenh.dll
0x73a00000 - 0x73a21000 	C:\WINDOWS\SYSTEM32\USERENV.dll
0x72bf0000 - 0x72d72000 	C:\WINDOWS\SYSTEM32\dbghelp.dll

VM Arguments:
jvm_args: -agentlib:jdwp=transport=dt_socket,suspend=y,address=localhost:52324 -ea -javaagent:D:\eclipse\configuration\org.eclipse.osgi\237\0\.cp\lib\javaagent-shaded.jar -Dfile.encoding=UTF-8 
java_command: org.eclipse.jdt.internal.junit.runner.RemoteTestRunner -version 3 -port 52323 -testLoaderClass org.eclipse.jdt.internal.junit4.runner.JUnit4TestLoader -loaderpluginname org.eclipse.jdt.junit4.runtime -classNames com.graduate.GraduateApplicationTests
java_class_path (initial): D:\workstation\graduate\target\test-classes;D:\workstation\graduate\target\classes;D:\maven\repository\org\springframework\boot\spring-boot-starter-web\1.5.0.RELEASE\spring-boot-starter-web-1.5.0.RELEASE.jar;D:\maven\repository\org\springframework\boot\spring-boot-starter\1.5.0.RELEASE\spring-boot-starter-1.5.0.RELEASE.jar;D:\maven\repository\org\springframework\boot\spring-boot\1.5.0.RELEASE\spring-boot-1.5.0.RELEASE.jar;D:\maven\repository\org\springframework\boot\spring-boot-autoconfigure\1.5.0.RELEASE\spring-boot-autoconfigure-1.5.0.RELEASE.jar;D:\maven\repository\org\yaml\snakeyaml\1.17\snakeyaml-1.17.jar;D:\maven\repository\org\springframework\boot\spring-boot-starter-tomcat\1.5.0.RELEASE\spring-boot-starter-tomcat-1.5.0.RELEASE.jar;D:\maven\repository\org\apache\tomcat\embed\tomcat-embed-websocket\8.5.11\tomcat-embed-websocket-8.5.11.jar;D:\maven\repository\org\hibernate\hibernate-validator\5.3.4.Final\hibernate-validator-5.3.4.Final.jar;D:\maven\repository\javax\validation\validation-api\1.1.0.Final\validation-api-1.1.0.Final.jar;D:\maven\repository\org\jboss\logging\jboss-logging\3.3.0.Final\jboss-logging-3.3.0.Final.jar;D:\maven\repository\com\fasterxml\jackson\core\jackson-databind\2.8.6\jackson-databind-2.8.6.jar;D:\maven\repository\com\fasterxml\jackson\core\jackson-annotations\2.8.0\jackson-annotations-2.8.0.jar;D:\maven\repository\com\fasterxml\jackson\core\jackson-core\2.8.6\jackson-core-2.8.6.jar;D:\maven\repository\org\springframework\spring-web\4.3.6.RELEASE\spring-web-4.3.6.RELEASE.jar;D:\maven\repository\org\springframework\spring-aop\4.3.6.RELEASE\spring-aop-4.3.6.RELEASE.jar;D:\maven\repository\org\springframework\spring-beans\4.3.6.RELEASE\spring-beans-4.3.6.RELEASE.jar;D:\maven\repository\org\springframework\spring-context\4.3.6.RELEASE\spring-context-4.3.6.RELEASE.jar;D:\maven\repository\org\springframework\spring-webmvc\4.3.6.RELEASE\spring-webmvc-4.3.6.RELEASE.jar;D:\maven\repository\org\springframework\spring
Launcher Type: SUN_STANDARD

Environment Variables:
JAVA_HOME=C:\Program Files (x86)\Java\jdk1.8.0_181
PATH=C:\Program Files (x86)\Java\jdk1.8.0_181\jre\bin;C:/Program Files (x86)/Java/jre1.8.0_191/bin/client;C:/Program Files (x86)/Java/jre1.8.0_191/bin;C:/Program Files (x86)/Java/jre1.8.0_191/lib/i386;D:\°ì¹«Èí¼þ\;C:\Program Files (x86)\Common Files\Oracle\Java\javapath;C:\Windows\system32;C:\Windows;C:\Windows\System32\Wbem;C:\Windows\System32\WindowsPowerShell\v1.0\;C:\Program Files\MySQL\MySQL Utilities 1.6\;K:\Git\cmd;K:\OpenVPN\bin;D:\Notepad++;D:\maven\apache-maven-3.6.0\bin;C:\Program Files (x86)\Java\jdk1.8.0_181\bin;D:\tomcat\bin;;C:\WINDOWS\system32;C:\WINDOWS;C:\WINDOWS\System32\Wbem;C:\WINDOWS\System32\WindowsPowerShell\v1.0\;C:\WINDOWS\System32\OpenSSH\;C:\Program Files (x86)\NVIDIA Corporation\PhysX\Common;C:\Program Files\NVIDIA Corporation\NVIDIA NvDLISR;C:\Users\Administrator\AppData\Local\Microsoft\WindowsApps;C:\ProgramData\Microsoft\Windows\Start Menu\Programs\MySQL\;;D:\eclipse;
USERNAME=Administrator
OS=Windows_NT
PROCESSOR_IDENTIFIER=Intel64 Family 6 Model 78 Stepping 3, GenuineIntel



---------------  S Y S T E M  ---------------

OS: Windows 10.0 , 64 bit Build 17134 (10.0.17134.1)

CPU:total 4 (initial active 4) (2 cores per cpu, 2 threads per core) family 6 model 78 stepping 3, cmov, cx8, fxsr, mmx, sse, sse2, sse3, ssse3, sse4.1, sse4.2, popcnt, avx, avx2, aes, clmul, erms, 3dnowpref, lzcnt, ht, tsc, tscinvbit, bmi1, bmi2, adx

Memory: 4k page, physical 8292352k(404324k free), swap 14333772k(2394848k free)

vm_info: Java HotSpot(TM) Client VM (25.181-b13) for windows-x86 JRE (1.8.0_181-b13), built on Jul  7 2018 03:18:20 by "java_re" with MS VC++ 10.0 (VS2010)

time: Wed Apr 03 16:41:31 2019
elapsed time: 77 seconds (0d 0h 1m 17s)

